mode: set
github.com/tinchourteaga-ml/backpack-bcgow6-martin-urteaga/Go-testing/Go-testing-II/internal/products/service.go:18.39,22.2 1 1
github.com/tinchourteaga-ml/backpack-bcgow6-martin-urteaga/Go-testing/Go-testing-II/internal/products/service.go:24.64,27.16 2 1
github.com/tinchourteaga-ml/backpack-bcgow6-martin-urteaga/Go-testing/Go-testing-II/internal/products/service.go:31.2,31.19 1 1
github.com/tinchourteaga-ml/backpack-bcgow6-martin-urteaga/Go-testing/Go-testing-II/internal/products/service.go:27.16,29.3 1 1
github.com/tinchourteaga-ml/backpack-bcgow6-martin-urteaga/Go-testing/Go-testing-II/internal/products/service.go:34.56,37.16 2 0
github.com/tinchourteaga-ml/backpack-bcgow6-martin-urteaga/Go-testing/Go-testing-II/internal/products/service.go:41.2,41.18 1 0
github.com/tinchourteaga-ml/backpack-bcgow6-martin-urteaga/Go-testing/Go-testing-II/internal/products/service.go:37.16,39.3 1 0
github.com/tinchourteaga-ml/backpack-bcgow6-martin-urteaga/Go-testing/Go-testing-II/internal/products/service.go:44.107,47.16 2 1
github.com/tinchourteaga-ml/backpack-bcgow6-martin-urteaga/Go-testing/Go-testing-II/internal/products/service.go:51.2,54.16 3 1
github.com/tinchourteaga-ml/backpack-bcgow6-martin-urteaga/Go-testing/Go-testing-II/internal/products/service.go:58.2,58.18 1 1
github.com/tinchourteaga-ml/backpack-bcgow6-martin-urteaga/Go-testing/Go-testing-II/internal/products/service.go:47.16,49.3 1 0
github.com/tinchourteaga-ml/backpack-bcgow6-martin-urteaga/Go-testing/Go-testing-II/internal/products/service.go:54.16,56.3 1 1
github.com/tinchourteaga-ml/backpack-bcgow6-martin-urteaga/Go-testing/Go-testing-II/internal/products/service.go:61.40,63.2 1 0
github.com/tinchourteaga-ml/backpack-bcgow6-martin-urteaga/Go-testing/Go-testing-II/internal/products/service.go:65.116,67.2 1 0
github.com/tinchourteaga-ml/backpack-bcgow6-martin-urteaga/Go-testing/Go-testing-II/internal/products/service.go:69.83,71.2 1 0
github.com/tinchourteaga-ml/backpack-bcgow6-martin-urteaga/Go-testing/Go-testing-II/internal/products/mock_store.go:9.58,10.24 1 1
github.com/tinchourteaga-ml/backpack-bcgow6-martin-urteaga/Go-testing/Go-testing-II/internal/products/mock_store.go:14.2,16.12 3 1
github.com/tinchourteaga-ml/backpack-bcgow6-martin-urteaga/Go-testing/Go-testing-II/internal/products/mock_store.go:10.24,12.3 1 1
github.com/tinchourteaga-ml/backpack-bcgow6-martin-urteaga/Go-testing/Go-testing-II/internal/products/mock_store.go:19.59,20.25 1 1
github.com/tinchourteaga-ml/backpack-bcgow6-martin-urteaga/Go-testing/Go-testing-II/internal/products/mock_store.go:24.2,26.12 3 1
github.com/tinchourteaga-ml/backpack-bcgow6-martin-urteaga/Go-testing/Go-testing-II/internal/products/mock_store.go:20.25,22.3 1 1
github.com/tinchourteaga-ml/backpack-bcgow6-martin-urteaga/Go-testing/Go-testing-II/internal/products/repository.go:41.47,45.2 1 1
github.com/tinchourteaga-ml/backpack-bcgow6-martin-urteaga/Go-testing/Go-testing-II/internal/products/repository.go:47.67,53.16 4 1
github.com/tinchourteaga-ml/backpack-bcgow6-martin-urteaga/Go-testing/Go-testing-II/internal/products/repository.go:57.2,57.40 1 1
github.com/tinchourteaga-ml/backpack-bcgow6-martin-urteaga/Go-testing/Go-testing-II/internal/products/repository.go:63.2,63.39 1 1
github.com/tinchourteaga-ml/backpack-bcgow6-martin-urteaga/Go-testing/Go-testing-II/internal/products/repository.go:53.16,55.3 1 1
github.com/tinchourteaga-ml/backpack-bcgow6-martin-urteaga/Go-testing/Go-testing-II/internal/products/repository.go:57.40,58.255 1 1
github.com/tinchourteaga-ml/backpack-bcgow6-martin-urteaga/Go-testing/Go-testing-II/internal/products/repository.go:58.255,60.4 1 0
github.com/tinchourteaga-ml/backpack-bcgow6-martin-urteaga/Go-testing/Go-testing-II/internal/products/repository.go:63.39,65.3 1 0
github.com/tinchourteaga-ml/backpack-bcgow6-martin-urteaga/Go-testing/Go-testing-II/internal/products/repository.go:65.8,67.3 1 1
github.com/tinchourteaga-ml/backpack-bcgow6-martin-urteaga/Go-testing/Go-testing-II/internal/products/repository.go:70.59,77.16 5 0
github.com/tinchourteaga-ml/backpack-bcgow6-martin-urteaga/Go-testing/Go-testing-II/internal/products/repository.go:81.2,81.40 1 0
github.com/tinchourteaga-ml/backpack-bcgow6-martin-urteaga/Go-testing/Go-testing-II/internal/products/repository.go:89.2,89.12 1 0
github.com/tinchourteaga-ml/backpack-bcgow6-martin-urteaga/Go-testing/Go-testing-II/internal/products/repository.go:93.2,93.15 1 0
github.com/tinchourteaga-ml/backpack-bcgow6-martin-urteaga/Go-testing/Go-testing-II/internal/products/repository.go:77.16,79.3 1 0
github.com/tinchourteaga-ml/backpack-bcgow6-martin-urteaga/Go-testing/Go-testing-II/internal/products/repository.go:81.40,82.20 1 0
github.com/tinchourteaga-ml/backpack-bcgow6-martin-urteaga/Go-testing/Go-testing-II/internal/products/repository.go:82.20,85.9 3 0
github.com/tinchourteaga-ml/backpack-bcgow6-martin-urteaga/Go-testing/Go-testing-II/internal/products/repository.go:89.12,91.3 1 0
github.com/tinchourteaga-ml/backpack-bcgow6-martin-urteaga/Go-testing/Go-testing-II/internal/products/repository.go:96.44,102.16 4 1
github.com/tinchourteaga-ml/backpack-bcgow6-martin-urteaga/Go-testing/Go-testing-II/internal/products/repository.go:106.2,106.31 1 1
github.com/tinchourteaga-ml/backpack-bcgow6-martin-urteaga/Go-testing/Go-testing-II/internal/products/repository.go:111.2,111.20 1 1
github.com/tinchourteaga-ml/backpack-bcgow6-martin-urteaga/Go-testing/Go-testing-II/internal/products/repository.go:102.16,104.3 1 0
github.com/tinchourteaga-ml/backpack-bcgow6-martin-urteaga/Go-testing/Go-testing-II/internal/products/repository.go:106.31,108.3 1 1
github.com/tinchourteaga-ml/backpack-bcgow6-martin-urteaga/Go-testing/Go-testing-II/internal/products/repository.go:108.8,110.3 1 1
github.com/tinchourteaga-ml/backpack-bcgow6-martin-urteaga/Go-testing/Go-testing-II/internal/products/repository.go:114.118,120.16 4 1
github.com/tinchourteaga-ml/backpack-bcgow6-martin-urteaga/Go-testing/Go-testing-II/internal/products/repository.go:124.2,126.53 2 1
github.com/tinchourteaga-ml/backpack-bcgow6-martin-urteaga/Go-testing/Go-testing-II/internal/products/repository.go:130.2,130.18 1 1
github.com/tinchourteaga-ml/backpack-bcgow6-martin-urteaga/Go-testing/Go-testing-II/internal/products/repository.go:120.16,122.3 1 0
github.com/tinchourteaga-ml/backpack-bcgow6-martin-urteaga/Go-testing/Go-testing-II/internal/products/repository.go:126.53,128.3 1 1
github.com/tinchourteaga-ml/backpack-bcgow6-martin-urteaga/Go-testing/Go-testing-II/internal/products/repository.go:133.43,140.16 5 0
github.com/tinchourteaga-ml/backpack-bcgow6-martin-urteaga/Go-testing/Go-testing-II/internal/products/repository.go:144.2,144.40 1 0
github.com/tinchourteaga-ml/backpack-bcgow6-martin-urteaga/Go-testing/Go-testing-II/internal/products/repository.go:151.2,151.14 1 0
github.com/tinchourteaga-ml/backpack-bcgow6-martin-urteaga/Go-testing/Go-testing-II/internal/products/repository.go:155.2,157.53 2 0
github.com/tinchourteaga-ml/backpack-bcgow6-martin-urteaga/Go-testing/Go-testing-II/internal/products/repository.go:161.2,161.12 1 0
github.com/tinchourteaga-ml/backpack-bcgow6-martin-urteaga/Go-testing/Go-testing-II/internal/products/repository.go:140.16,142.3 1 0
github.com/tinchourteaga-ml/backpack-bcgow6-martin-urteaga/Go-testing/Go-testing-II/internal/products/repository.go:144.40,145.20 1 0
github.com/tinchourteaga-ml/backpack-bcgow6-martin-urteaga/Go-testing/Go-testing-II/internal/products/repository.go:145.20,148.4 2 0
github.com/tinchourteaga-ml/backpack-bcgow6-martin-urteaga/Go-testing/Go-testing-II/internal/products/repository.go:151.14,153.3 1 0
github.com/tinchourteaga-ml/backpack-bcgow6-martin-urteaga/Go-testing/Go-testing-II/internal/products/repository.go:157.53,159.3 1 0
github.com/tinchourteaga-ml/backpack-bcgow6-martin-urteaga/Go-testing/Go-testing-II/internal/products/repository.go:164.119,171.16 5 0
github.com/tinchourteaga-ml/backpack-bcgow6-martin-urteaga/Go-testing/Go-testing-II/internal/products/repository.go:175.2,175.40 1 0
github.com/tinchourteaga-ml/backpack-bcgow6-martin-urteaga/Go-testing/Go-testing-II/internal/products/repository.go:183.2,183.14 1 0
github.com/tinchourteaga-ml/backpack-bcgow6-martin-urteaga/Go-testing/Go-testing-II/internal/products/repository.go:187.2,187.53 1 0
github.com/tinchourteaga-ml/backpack-bcgow6-martin-urteaga/Go-testing/Go-testing-II/internal/products/repository.go:191.2,191.15 1 0
github.com/tinchourteaga-ml/backpack-bcgow6-martin-urteaga/Go-testing/Go-testing-II/internal/products/repository.go:171.16,173.3 1 0
github.com/tinchourteaga-ml/backpack-bcgow6-martin-urteaga/Go-testing/Go-testing-II/internal/products/repository.go:175.40,176.20 1 0
github.com/tinchourteaga-ml/backpack-bcgow6-martin-urteaga/Go-testing/Go-testing-II/internal/products/repository.go:176.20,180.4 3 0
github.com/tinchourteaga-ml/backpack-bcgow6-martin-urteaga/Go-testing/Go-testing-II/internal/products/repository.go:183.14,185.3 1 0
github.com/tinchourteaga-ml/backpack-bcgow6-martin-urteaga/Go-testing/Go-testing-II/internal/products/repository.go:187.53,189.3 1 0
github.com/tinchourteaga-ml/backpack-bcgow6-martin-urteaga/Go-testing/Go-testing-II/internal/products/repository.go:194.86,201.16 5 1
github.com/tinchourteaga-ml/backpack-bcgow6-martin-urteaga/Go-testing/Go-testing-II/internal/products/repository.go:205.2,205.40 1 1
github.com/tinchourteaga-ml/backpack-bcgow6-martin-urteaga/Go-testing/Go-testing-II/internal/products/repository.go:215.2,215.14 1 1
github.com/tinchourteaga-ml/backpack-bcgow6-martin-urteaga/Go-testing/Go-testing-II/internal/products/repository.go:219.2,219.53 1 1
github.com/tinchourteaga-ml/backpack-bcgow6-martin-urteaga/Go-testing/Go-testing-II/internal/products/repository.go:223.2,223.15 1 1
github.com/tinchourteaga-ml/backpack-bcgow6-martin-urteaga/Go-testing/Go-testing-II/internal/products/repository.go:201.16,203.3 1 0
github.com/tinchourteaga-ml/backpack-bcgow6-martin-urteaga/Go-testing/Go-testing-II/internal/products/repository.go:205.40,206.20 1 1
github.com/tinchourteaga-ml/backpack-bcgow6-martin-urteaga/Go-testing/Go-testing-II/internal/products/repository.go:206.20,212.4 5 1
github.com/tinchourteaga-ml/backpack-bcgow6-martin-urteaga/Go-testing/Go-testing-II/internal/products/repository.go:215.14,217.3 1 0
github.com/tinchourteaga-ml/backpack-bcgow6-martin-urteaga/Go-testing/Go-testing-II/internal/products/repository.go:219.53,221.3 1 0
